[debug] [2023-04-01T17:09:15.436Z] ----------------------------------------------------------------------
[debug] [2023-04-01T17:09:15.440Z] Command:       C:\Program Files\nodejs\node.exe C:\Users\hp\AppData\Roaming\npm\node_modules\firebase-tools\lib\bin\firebase.js init
[debug] [2023-04-01T17:09:15.441Z] CLI Version:   11.25.2
[debug] [2023-04-01T17:09:15.441Z] Platform:      win32
[debug] [2023-04-01T17:09:15.442Z] Node Version:  v18.12.1
[debug] [2023-04-01T17:09:15.444Z] Time:          Sat Apr 01 2023 22:39:15 GMT+0530 (India Standard Time)
[debug] [2023-04-01T17:09:15.444Z] ----------------------------------------------------------------------
[debug] 
[debug] [2023-04-01T17:09:15.459Z] > command requires scopes: ["email","openid","https://www.googleapis.com/auth/cloudplatformprojects.readonly","https://www.googleapis.com/auth/firebase","https://www.googleapis.com/auth/cloud-platform"]
[debug] [2023-04-01T17:09:15.460Z] > authorizing via signed-in user (mayuresh1377@gmail.com)
[info] 
     ######## #### ########  ######## ########     ###     ######  ########
     ##        ##  ##     ## ##       ##     ##  ##   ##  ##       ##
     ######    ##  ########  ######   ########  #########  ######  ######
     ##        ##  ##    ##  ##       ##     ## ##     ##       ## ##
     ##       #### ##     ## ######## ########  ##     ##  ######  ########

You're about to initialize a Firebase project in this directory:

  C:\Users\hp\Downloads\filestorage-main\filestorage-main

[info] 
=== Project Setup
[info] 
[info] First, let's associate this project directory with a Firebase project.
[info] You can create multiple project aliases by running firebase use --add, 
[info] but for now we'll just set up a default project.
[info] 
[info] i  If you want to create a project in a Google Cloud organization or folder, please use "firebase projects:create" instead, and return to this command when you've created the project. 
[debug] [2023-04-01T17:09:45.003Z] >>> [apiv2][query] POST https://cloudresourcemanager.googleapis.com/v1/projects [none]
[debug] [2023-04-01T17:09:45.004Z] >>> [apiv2][body] POST https://cloudresourcemanager.googleapis.com/v1/projects {"projectId":"lockedledger","name":"lockedledger"}
[debug] [2023-04-01T17:09:47.103Z] <<< [apiv2][status] POST https://cloudresourcemanager.googleapis.com/v1/projects 200
[debug] [2023-04-01T17:09:47.104Z] <<< [apiv2][body] POST https://cloudresourcemanager.googleapis.com/v1/projects {"name":"operations/cp.6270227454201255063"}
[debug] [2023-04-01T17:09:47.111Z] >>> [apiv2][query] GET https://cloudresourcemanager.googleapis.com/v1/operations/cp.6270227454201255063 [none]
[debug] [2023-04-01T17:09:47.765Z] <<< [apiv2][status] GET https://cloudresourcemanager.googleapis.com/v1/operations/cp.6270227454201255063 200
[debug] [2023-04-01T17:09:47.765Z] <<< [apiv2][body] GET https://cloudresourcemanager.googleapis.com/v1/operations/cp.6270227454201255063 {"name":"operations/cp.6270227454201255063"}
[debug] [2023-04-01T17:09:48.279Z] [Project Creation Poller] Retrying task index 0
[debug] [2023-04-01T17:09:48.280Z] >>> [apiv2][query] GET https://cloudresourcemanager.googleapis.com/v1/operations/cp.6270227454201255063 [none]
[debug] [2023-04-01T17:09:49.974Z] <<< [apiv2][status] GET https://cloudresourcemanager.googleapis.com/v1/operations/cp.6270227454201255063 200
[debug] [2023-04-01T17:09:49.975Z] <<< [apiv2][body] GET https://cloudresourcemanager.googleapis.com/v1/operations/cp.6270227454201255063 {"name":"operations/cp.6270227454201255063","metadata":{"@type":"type.googleapis.com/google.cloudresourcemanager.v1.ProjectCreationStatus","gettable":true}}
[debug] [2023-04-01T17:09:50.981Z] [Project Creation Poller] Retrying task index 0
[debug] [2023-04-01T17:09:50.983Z] >>> [apiv2][query] GET https://cloudresourcemanager.googleapis.com/v1/operations/cp.6270227454201255063 [none]
[debug] [2023-04-01T17:09:52.588Z] <<< [apiv2][status] GET https://cloudresourcemanager.googleapis.com/v1/operations/cp.6270227454201255063 200
[debug] [2023-04-01T17:09:52.588Z] <<< [apiv2][body] GET https://cloudresourcemanager.googleapis.com/v1/operations/cp.6270227454201255063 {"name":"operations/cp.6270227454201255063","metadata":{"@type":"type.googleapis.com/google.cloudresourcemanager.v1.ProjectCreationStatus","gettable":true,"ready":true},"done":true,"response":{"@type":"type.googleapis.com/google.cloudresourcemanager.v1.Project","projectNumber":"955504567196","projectId":"lockedledger","lifecycleState":"ACTIVE","name":"lockedledger","createTime":"2023-04-01T17:09:49.280Z"}}
[debug] [2023-04-01T17:09:52.599Z] >>> [apiv2][query] POST https://firebase.googleapis.com/v1beta1/projects/lockedledger:addFirebase [none]
[debug] [2023-04-01T17:09:53.982Z] <<< [apiv2][status] POST https://firebase.googleapis.com/v1beta1/projects/lockedledger:addFirebase 403
[debug] [2023-04-01T17:09:53.983Z] <<< [apiv2][body] POST https://firebase.googleapis.com/v1beta1/projects/lockedledger:addFirebase {"error":{"code":403,"message":"The caller does not have permission","status":"PERMISSION_DENIED"}}
[debug] [2023-04-01T17:09:53.991Z] HTTP Error: 403, The caller does not have permission
[debug] [2023-04-01T17:09:54.191Z] FirebaseError: HTTP Error: 403, The caller does not have permission
    at responseToError (C:\Users\hp\AppData\Roaming\npm\node_modules\firebase-tools\lib\responseToError.js:49:12)
    at RetryOperation._fn (C:\Users\hp\AppData\Roaming\npm\node_modules\firebase-tools\lib\apiv2.js:288:77)
    at process.processTicksAndRejections (node:internal/process/task_queues:95:5)
[error] 
[error] Error: Failed to add Firebase to Google Cloud Platform project. See firebase-debug.log for more info.
